2025-01-24 20:04:33.207 | INFO     | utils.utils_logger:<module>:38 - Logging to file: logs\project_log.log
2025-01-24 20:04:33.209 | INFO     | __main__:<module>:68 - Project root: C:\Users\clayt\Documents\buzzline-03-seabaugh
2025-01-24 20:04:33.209 | INFO     | __main__:<module>:72 - Data folder: C:\Users\clayt\Documents\buzzline-03-seabaugh\data
2025-01-24 20:04:33.209 | INFO     | __main__:<module>:76 - Data file: C:\Users\clayt\Documents\buzzline-03-seabaugh\data\buzz.json
2025-01-24 20:04:33.209 | INFO     | __main__:main:136 - START producer.
2025-01-24 20:04:33.209 | INFO     | utils.utils_producer:get_zookeeper_address:57 - Zookeeper address: localhost:2181
2025-01-24 20:04:33.213 | INFO     | utils.utils_producer:check_zookeeper_service_is_ready:79 - Zookeeper is ready at localhost:2181.
2025-01-24 20:04:33.214 | INFO     | utils.utils_producer:get_kafka_broker_address:50 - Kafka broker address: localhost:9092
2025-01-24 20:04:33.540 | INFO     | utils.utils_producer:check_kafka_service_is_ready:98 - Kafka is ready. Brokers: {'throttle_time_ms': 0, 'brokers': [{'node_id': 1001, 'host': 'localhost', 'port': 9092, 'rack': None}], 'cluster_id': 's9Ei0aGpTxiAbVtMxcMk5g', 'controller_id': 1001}
2025-01-24 20:04:33.542 | INFO     | __main__:get_kafka_topic:50 - Kafka topic: buzzline_json
2025-01-24 20:04:33.543 | INFO     | __main__:get_message_interval:57 - Message interval: 1 seconds
2025-01-24 20:04:33.544 | INFO     | utils.utils_producer:get_kafka_broker_address:50 - Kafka broker address: localhost:9092
2025-01-24 20:04:33.544 | INFO     | utils.utils_producer:create_kafka_producer:146 - Connecting to Kafka broker at localhost:9092...
2025-01-24 20:04:33.654 | INFO     | utils.utils_producer:create_kafka_producer:151 - Kafka producer successfully created.
2025-01-24 20:04:33.655 | INFO     | utils.utils_producer:get_kafka_broker_address:50 - Kafka broker address: localhost:9092
2025-01-24 20:04:33.971 | INFO     | utils.utils_producer:create_kafka_topic:176 - Creating 'buzzline_json'.
2025-01-24 20:04:34.086 | INFO     | utils.utils_producer:create_kafka_topic:181 - Topic 'buzzline_json' created successfully.
2025-01-24 20:04:34.087 | INFO     | __main__:main:159 - Kafka topic 'buzzline_json' is ready.
2025-01-24 20:04:34.087 | INFO     | __main__:main:165 - Starting message production to topic 'buzzline_json'...
2025-01-24 20:04:34.087 | INFO     | __main__:generate_messages:95 - Opening data file in read mode: C:\Users\clayt\Documents\buzzline-03-seabaugh\data\buzz.json
2025-01-24 20:04:34.091 | INFO     | __main__:generate_messages:97 - Reading data from file: C:\Users\clayt\Documents\buzzline-03-seabaugh\data\buzz.json
2025-01-24 20:04:34.096 | INFO     | __main__:main:170 - Sent message to topic 'buzzline_json': {'message': 'Data engineering is my passion.', 'author': 'Eve'}
2025-01-24 20:04:35.099 | INFO     | __main__:main:170 - Sent message to topic 'buzzline_json': {'message': 'Distributed systems are fascinating.', 'author': 'Alice'}
2025-01-24 20:04:36.101 | INFO     | __main__:main:170 - Sent message to topic 'buzzline_json': {'message': 'Have a great day!', 'author': 'Charlie'}
2025-01-24 20:04:37.102 | INFO     | __main__:main:170 - Sent message to topic 'buzzline_json': {'message': 'Data engineering is my passion.', 'author': 'Alice'}
2025-01-24 20:04:38.104 | INFO     | __main__:main:170 - Sent message to topic 'buzzline_json': {'message': 'Distributed systems are fascinating.', 'author': 'Diana'}
2025-01-24 20:04:39.107 | INFO     | __main__:main:170 - Sent message to topic 'buzzline_json': {'message': 'Buzz messages for everyone.', 'author': 'Alice'}
2025-01-24 20:04:40.109 | INFO     | __main__:main:170 - Sent message to topic 'buzzline_json': {'message': 'Hello, Kafka world!', 'author': 'Diana'}
2025-01-24 20:04:41.110 | INFO     | __main__:main:170 - Sent message to topic 'buzzline_json': {'message': 'This is a buzz message.', 'author': 'Eve'}
2025-01-24 20:04:42.111 | INFO     | __main__:main:170 - Sent message to topic 'buzzline_json': {'message': 'JSON makes life easier.', 'author': 'Eve'}
2025-01-24 20:04:43.114 | INFO     | __main__:main:170 - Sent message to topic 'buzzline_json': {'message': 'JSON makes life easier.', 'author': 'Alice'}
2025-01-24 20:04:43.955 | INFO     | utils.utils_logger:<module>:38 - Logging to file: logs\project_log.log
2025-01-24 20:04:43.957 | INFO     | __main__:main:124 - START consumer.
2025-01-24 20:04:43.957 | INFO     | __main__:get_kafka_topic:46 - Kafka topic: buzzline_json
2025-01-24 20:04:43.957 | INFO     | __main__:get_kafka_consumer_group_id:53 - Kafka consumer group id: buzz_group
2025-01-24 20:04:43.957 | INFO     | __main__:main:129 - Consumer: Topic 'buzzline_json' and group 'buzz_group'...
2025-01-24 20:04:43.957 | INFO     | utils.utils_producer:get_kafka_broker_address:50 - Kafka broker address: localhost:9092
2025-01-24 20:04:43.957 | INFO     | utils.utils_consumer:create_kafka_consumer:44 - Creating Kafka consumer. Topic='buzzline_json' and group ID='buzz_group'.
2025-01-24 20:04:44.066 | INFO     | utils.utils_consumer:create_kafka_consumer:59 - Kafka consumer created successfully.
2025-01-24 20:04:44.066 | INFO     | __main__:main:135 - Polling messages from topic 'buzzline_json'...
2025-01-24 20:04:44.115 | INFO     | __main__:main:170 - Sent message to topic 'buzzline_json': {'message': 'Data engineering is my passion.', 'author': 'Diana'}
2025-01-24 20:04:45.116 | INFO     | __main__:main:170 - Sent message to topic 'buzzline_json': {'message': 'JSON makes life easier.', 'author': 'Diana'}
2025-01-24 20:04:45.367 | INFO     | __main__:process_message:89 - Processed JSON message: {'message': 'Data engineering is my passion.', 'author': 'Eve'}
2025-01-24 20:04:45.367 | INFO     | __main__:process_message:95 - Message received from author: Eve
2025-01-24 20:04:45.367 | INFO     | __main__:process_message:101 - Updated author counts: {'Eve': 1}
2025-01-24 20:04:45.367 | INFO     | __main__:process_message:89 - Processed JSON message: {'message': 'Distributed systems are fascinating.', 'author': 'Alice'}
2025-01-24 20:04:45.367 | INFO     | __main__:process_message:95 - Message received from author: Alice
2025-01-24 20:04:45.368 | INFO     | __main__:process_message:101 - Updated author counts: {'Eve': 1, 'Alice': 1}
2025-01-24 20:04:45.368 | INFO     | __main__:process_message:89 - Processed JSON message: {'message': 'Have a great day!', 'author': 'Charlie'}
2025-01-24 20:04:45.368 | INFO     | __main__:process_message:95 - Message received from author: Charlie
2025-01-24 20:04:45.368 | INFO     | __main__:process_message:101 - Updated author counts: {'Eve': 1, 'Alice': 1, 'Charlie': 1}
2025-01-24 20:04:45.368 | INFO     | __main__:process_message:89 - Processed JSON message: {'message': 'Data engineering is my passion.', 'author': 'Alice'}
2025-01-24 20:04:45.368 | INFO     | __main__:process_message:95 - Message received from author: Alice
2025-01-24 20:04:45.369 | INFO     | __main__:process_message:101 - Updated author counts: {'Eve': 1, 'Alice': 2, 'Charlie': 1}
2025-01-24 20:04:45.369 | INFO     | __main__:process_message:89 - Processed JSON message: {'message': 'Distributed systems are fascinating.', 'author': 'Diana'}
2025-01-24 20:04:45.369 | INFO     | __main__:process_message:95 - Message received from author: Diana
2025-01-24 20:04:45.369 | INFO     | __main__:process_message:101 - Updated author counts: {'Eve': 1, 'Alice': 2, 'Charlie': 1, 'Diana': 1}
2025-01-24 20:04:45.369 | INFO     | __main__:process_message:89 - Processed JSON message: {'message': 'Buzz messages for everyone.', 'author': 'Alice'}
2025-01-24 20:04:45.370 | INFO     | __main__:process_message:95 - Message received from author: Alice
2025-01-24 20:04:45.370 | INFO     | __main__:process_message:101 - Updated author counts: {'Eve': 1, 'Alice': 3, 'Charlie': 1, 'Diana': 1}
2025-01-24 20:04:45.370 | INFO     | __main__:process_message:89 - Processed JSON message: {'message': 'Hello, Kafka world!', 'author': 'Diana'}
2025-01-24 20:04:45.370 | INFO     | __main__:process_message:95 - Message received from author: Diana
2025-01-24 20:04:45.370 | INFO     | __main__:process_message:101 - Updated author counts: {'Eve': 1, 'Alice': 3, 'Charlie': 1, 'Diana': 2}
2025-01-24 20:04:45.371 | INFO     | __main__:process_message:89 - Processed JSON message: {'message': 'This is a buzz message.', 'author': 'Eve'}
2025-01-24 20:04:45.371 | INFO     | __main__:process_message:95 - Message received from author: Eve
2025-01-24 20:04:45.371 | INFO     | __main__:process_message:101 - Updated author counts: {'Eve': 2, 'Alice': 3, 'Charlie': 1, 'Diana': 2}
2025-01-24 20:04:45.371 | INFO     | __main__:process_message:89 - Processed JSON message: {'message': 'JSON makes life easier.', 'author': 'Eve'}
2025-01-24 20:04:45.371 | INFO     | __main__:process_message:95 - Message received from author: Eve
2025-01-24 20:04:45.371 | INFO     | __main__:process_message:101 - Updated author counts: {'Eve': 3, 'Alice': 3, 'Charlie': 1, 'Diana': 2}
2025-01-24 20:04:45.372 | INFO     | __main__:process_message:89 - Processed JSON message: {'message': 'JSON makes life easier.', 'author': 'Alice'}
2025-01-24 20:04:45.372 | INFO     | __main__:process_message:95 - Message received from author: Alice
2025-01-24 20:04:45.372 | INFO     | __main__:process_message:101 - Updated author counts: {'Eve': 3, 'Alice': 4, 'Charlie': 1, 'Diana': 2}
2025-01-24 20:04:45.373 | INFO     | __main__:process_message:89 - Processed JSON message: {'message': 'Data engineering is my passion.', 'author': 'Diana'}
2025-01-24 20:04:45.373 | INFO     | __main__:process_message:95 - Message received from author: Diana
2025-01-24 20:04:45.373 | INFO     | __main__:process_message:101 - Updated author counts: {'Eve': 3, 'Alice': 4, 'Charlie': 1, 'Diana': 3}
2025-01-24 20:04:45.373 | INFO     | __main__:process_message:89 - Processed JSON message: {'message': 'JSON makes life easier.', 'author': 'Diana'}
2025-01-24 20:04:45.373 | INFO     | __main__:process_message:95 - Message received from author: Diana
2025-01-24 20:04:45.374 | INFO     | __main__:process_message:101 - Updated author counts: {'Eve': 3, 'Alice': 4, 'Charlie': 1, 'Diana': 4}
2025-01-24 20:04:46.118 | INFO     | __main__:main:170 - Sent message to topic 'buzzline_json': {'message': 'Kafka is awesome.', 'author': 'Charlie'}
2025-01-24 20:04:46.120 | INFO     | __main__:process_message:89 - Processed JSON message: {'message': 'Kafka is awesome.', 'author': 'Charlie'}
2025-01-24 20:04:46.121 | INFO     | __main__:process_message:95 - Message received from author: Charlie
2025-01-24 20:04:46.121 | INFO     | __main__:process_message:101 - Updated author counts: {'Eve': 3, 'Alice': 4, 'Charlie': 2, 'Diana': 4}
2025-01-24 20:04:47.119 | INFO     | __main__:main:170 - Sent message to topic 'buzzline_json': {'message': 'JSON makes life easier.', 'author': 'Bob'}
2025-01-24 20:04:47.121 | INFO     | __main__:process_message:89 - Processed JSON message: {'message': 'JSON makes life easier.', 'author': 'Bob'}
2025-01-24 20:04:47.121 | INFO     | __main__:process_message:95 - Message received from author: Bob
2025-01-24 20:04:47.122 | INFO     | __main__:process_message:101 - Updated author counts: {'Eve': 3, 'Alice': 4, 'Charlie': 2, 'Diana': 4, 'Bob': 1}
2025-01-24 20:04:48.120 | INFO     | __main__:main:170 - Sent message to topic 'buzzline_json': {'message': 'I love Python!', 'author': 'Bob'}
2025-01-24 20:04:48.123 | INFO     | __main__:process_message:89 - Processed JSON message: {'message': 'I love Python!', 'author': 'Bob'}
2025-01-24 20:04:48.123 | INFO     | __main__:process_message:95 - Message received from author: Bob
2025-01-24 20:04:48.123 | INFO     | __main__:process_message:101 - Updated author counts: {'Eve': 3, 'Alice': 4, 'Charlie': 2, 'Diana': 4, 'Bob': 2}
2025-01-24 20:04:49.121 | INFO     | __main__:main:170 - Sent message to topic 'buzzline_json': {'message': 'This is a buzz message.', 'author': 'Eve'}
2025-01-24 20:04:49.123 | INFO     | __main__:process_message:89 - Processed JSON message: {'message': 'This is a buzz message.', 'author': 'Eve'}
2025-01-24 20:04:49.123 | INFO     | __main__:process_message:95 - Message received from author: Eve
2025-01-24 20:04:49.124 | INFO     | __main__:process_message:101 - Updated author counts: {'Eve': 4, 'Alice': 4, 'Charlie': 2, 'Diana': 4, 'Bob': 2}
2025-01-24 20:04:50.122 | INFO     | __main__:main:170 - Sent message to topic 'buzzline_json': {'message': 'I love Python!', 'author': 'Eve'}
2025-01-24 20:04:50.125 | INFO     | __main__:process_message:89 - Processed JSON message: {'message': 'I love Python!', 'author': 'Eve'}
2025-01-24 20:04:50.126 | INFO     | __main__:process_message:95 - Message received from author: Eve
2025-01-24 20:04:50.126 | INFO     | __main__:process_message:101 - Updated author counts: {'Eve': 5, 'Alice': 4, 'Charlie': 2, 'Diana': 4, 'Bob': 2}
2025-01-24 20:04:50.563 | WARNING  | __main__:main:173 - Producer interrupted by user.
2025-01-24 20:04:50.564 | INFO     | __main__:main:178 - Kafka producer closed.
2025-01-24 20:04:50.564 | INFO     | __main__:main:180 - END producer.
2025-01-24 20:04:51.375 | WARNING  | __main__:main:142 - Consumer interrupted by user.
2025-01-24 20:04:51.382 | INFO     | __main__:main:147 - Kafka consumer for topic 'buzzline_json' closed.
2025-01-24 20:04:51.382 | INFO     | __main__:main:149 - END consumer for topic 'buzzline_json' and group 'buzz_group'.
2025-01-28 19:15:03.099 | INFO     | utils.utils_logger:<module>:38 - Logging to file: logs\project_log.log
2025-01-28 19:15:03.101 | INFO     | __main__:<module>:68 - Project root: C:\Users\clayt\Documents\buzzline-03-seabaugh
2025-01-28 19:15:03.101 | INFO     | __main__:<module>:72 - Data folder: C:\Users\clayt\Documents\buzzline-03-seabaugh\data
2025-01-28 19:15:03.102 | INFO     | __main__:<module>:76 - Data file: C:\Users\clayt\Documents\buzzline-03-seabaugh\data\buzz.json
2025-01-28 19:15:03.102 | INFO     | __main__:main:136 - START producer.
2025-01-28 19:15:03.102 | INFO     | utils.utils_producer:get_zookeeper_address:57 - Zookeeper address: localhost:2181
2025-01-28 19:15:03.114 | INFO     | utils.utils_producer:check_zookeeper_service_is_ready:79 - Zookeeper is ready at localhost:2181.
2025-01-28 19:15:03.114 | INFO     | utils.utils_producer:get_kafka_broker_address:50 - Kafka broker address: localhost:9092
2025-01-28 19:15:03.431 | INFO     | utils.utils_producer:check_kafka_service_is_ready:98 - Kafka is ready. Brokers: {'throttle_time_ms': 0, 'brokers': [{'node_id': 1001, 'host': 'localhost', 'port': 9092, 'rack': None}], 'cluster_id': 'ISSJSQ4FSdmgTM-P2mopQw', 'controller_id': 1001}
2025-01-28 19:15:03.432 | INFO     | __main__:get_kafka_topic:50 - Kafka topic: buzzline_json
2025-01-28 19:15:03.433 | INFO     | __main__:get_message_interval:57 - Message interval: 1 seconds
2025-01-28 19:15:03.433 | INFO     | utils.utils_producer:get_kafka_broker_address:50 - Kafka broker address: localhost:9092
2025-01-28 19:15:03.433 | INFO     | utils.utils_producer:create_kafka_producer:146 - Connecting to Kafka broker at localhost:9092...
2025-01-28 19:15:03.537 | INFO     | utils.utils_producer:create_kafka_producer:151 - Kafka producer successfully created.
2025-01-28 19:15:03.537 | INFO     | utils.utils_producer:get_kafka_broker_address:50 - Kafka broker address: localhost:9092
2025-01-28 19:15:03.858 | INFO     | utils.utils_producer:create_kafka_topic:176 - Creating 'buzzline_json'.
2025-01-28 19:15:03.974 | INFO     | utils.utils_producer:create_kafka_topic:181 - Topic 'buzzline_json' created successfully.
2025-01-28 19:15:03.975 | INFO     | __main__:main:159 - Kafka topic 'buzzline_json' is ready.
2025-01-28 19:15:03.975 | INFO     | __main__:main:165 - Starting message production to topic 'buzzline_json'...
2025-01-28 19:15:03.975 | INFO     | __main__:generate_messages:95 - Opening data file in read mode: C:\Users\clayt\Documents\buzzline-03-seabaugh\data\buzz.json
2025-01-28 19:15:03.979 | INFO     | __main__:generate_messages:97 - Reading data from file: C:\Users\clayt\Documents\buzzline-03-seabaugh\data\buzz.json
2025-01-28 19:15:04.039 | INFO     | __main__:main:170 - Sent message to topic 'buzzline_json': {'message': 'Data engineering is my passion.', 'author': 'Eve'}
2025-01-28 19:15:05.041 | INFO     | __main__:main:170 - Sent message to topic 'buzzline_json': {'message': 'Distributed systems are fascinating.', 'author': 'Alice'}
2025-01-28 19:15:06.044 | INFO     | __main__:main:170 - Sent message to topic 'buzzline_json': {'message': 'Have a great day!', 'author': 'Charlie'}
2025-01-28 19:15:07.045 | INFO     | __main__:main:170 - Sent message to topic 'buzzline_json': {'message': 'Data engineering is my passion.', 'author': 'Alice'}
2025-01-28 19:15:08.048 | INFO     | __main__:main:170 - Sent message to topic 'buzzline_json': {'message': 'Distributed systems are fascinating.', 'author': 'Diana'}
2025-01-28 19:15:09.049 | INFO     | __main__:main:170 - Sent message to topic 'buzzline_json': {'message': 'Buzz messages for everyone.', 'author': 'Alice'}
2025-01-28 19:15:10.036 | INFO     | utils.utils_logger:<module>:38 - Logging to file: logs\project_log.log
2025-01-28 19:15:10.038 | INFO     | __main__:main:124 - START consumer.
2025-01-28 19:15:10.038 | INFO     | __main__:get_kafka_topic:46 - Kafka topic: buzzline_json
2025-01-28 19:15:10.038 | INFO     | __main__:get_kafka_consumer_group_id:53 - Kafka consumer group id: buzz_group
2025-01-28 19:15:10.038 | INFO     | __main__:main:129 - Consumer: Topic 'buzzline_json' and group 'buzz_group'...
2025-01-28 19:15:10.038 | INFO     | utils.utils_producer:get_kafka_broker_address:50 - Kafka broker address: localhost:9092
2025-01-28 19:15:10.038 | INFO     | utils.utils_consumer:create_kafka_consumer:44 - Creating Kafka consumer. Topic='buzzline_json' and group ID='buzz_group'.
2025-01-28 19:15:10.051 | INFO     | __main__:main:170 - Sent message to topic 'buzzline_json': {'message': 'Hello, Kafka world!', 'author': 'Diana'}
2025-01-28 19:15:10.146 | INFO     | utils.utils_consumer:create_kafka_consumer:59 - Kafka consumer created successfully.
2025-01-28 19:15:10.146 | INFO     | __main__:main:135 - Polling messages from topic 'buzzline_json'...
2025-01-28 19:15:11.052 | INFO     | __main__:main:170 - Sent message to topic 'buzzline_json': {'message': 'This is a buzz message.', 'author': 'Eve'}
2025-01-28 19:15:11.430 | INFO     | __main__:process_message:89 - Processed JSON message: {'message': 'Data engineering is my passion.', 'author': 'Eve'}
2025-01-28 19:15:11.431 | INFO     | __main__:process_message:95 - Message received from author: Eve
2025-01-28 19:15:11.431 | INFO     | __main__:process_message:101 - Updated author counts: {'Eve': 1}
2025-01-28 19:15:11.431 | INFO     | __main__:process_message:89 - Processed JSON message: {'message': 'Distributed systems are fascinating.', 'author': 'Alice'}
2025-01-28 19:15:11.431 | INFO     | __main__:process_message:95 - Message received from author: Alice
2025-01-28 19:15:11.431 | INFO     | __main__:process_message:101 - Updated author counts: {'Eve': 1, 'Alice': 1}
2025-01-28 19:15:11.431 | INFO     | __main__:process_message:89 - Processed JSON message: {'message': 'Have a great day!', 'author': 'Charlie'}
2025-01-28 19:15:11.432 | INFO     | __main__:process_message:95 - Message received from author: Charlie
2025-01-28 19:15:11.432 | INFO     | __main__:process_message:101 - Updated author counts: {'Eve': 1, 'Alice': 1, 'Charlie': 1}
2025-01-28 19:15:11.432 | INFO     | __main__:process_message:89 - Processed JSON message: {'message': 'Data engineering is my passion.', 'author': 'Alice'}
2025-01-28 19:15:11.432 | INFO     | __main__:process_message:95 - Message received from author: Alice
2025-01-28 19:15:11.432 | INFO     | __main__:process_message:101 - Updated author counts: {'Eve': 1, 'Alice': 2, 'Charlie': 1}
2025-01-28 19:15:11.433 | INFO     | __main__:process_message:89 - Processed JSON message: {'message': 'Distributed systems are fascinating.', 'author': 'Diana'}
2025-01-28 19:15:11.433 | INFO     | __main__:process_message:95 - Message received from author: Diana
2025-01-28 19:15:11.433 | INFO     | __main__:process_message:101 - Updated author counts: {'Eve': 1, 'Alice': 2, 'Charlie': 1, 'Diana': 1}
2025-01-28 19:15:11.433 | INFO     | __main__:process_message:89 - Processed JSON message: {'message': 'Buzz messages for everyone.', 'author': 'Alice'}
2025-01-28 19:15:11.433 | INFO     | __main__:process_message:95 - Message received from author: Alice
2025-01-28 19:15:11.434 | INFO     | __main__:process_message:101 - Updated author counts: {'Eve': 1, 'Alice': 3, 'Charlie': 1, 'Diana': 1}
2025-01-28 19:15:11.434 | INFO     | __main__:process_message:89 - Processed JSON message: {'message': 'Hello, Kafka world!', 'author': 'Diana'}
2025-01-28 19:15:11.434 | INFO     | __main__:process_message:95 - Message received from author: Diana
2025-01-28 19:15:11.434 | INFO     | __main__:process_message:101 - Updated author counts: {'Eve': 1, 'Alice': 3, 'Charlie': 1, 'Diana': 2}
2025-01-28 19:15:11.434 | INFO     | __main__:process_message:89 - Processed JSON message: {'message': 'This is a buzz message.', 'author': 'Eve'}
2025-01-28 19:15:11.435 | INFO     | __main__:process_message:95 - Message received from author: Eve
2025-01-28 19:15:11.435 | INFO     | __main__:process_message:101 - Updated author counts: {'Eve': 2, 'Alice': 3, 'Charlie': 1, 'Diana': 2}
2025-01-28 19:15:12.054 | INFO     | __main__:main:170 - Sent message to topic 'buzzline_json': {'message': 'JSON makes life easier.', 'author': 'Eve'}
2025-01-28 19:15:12.059 | INFO     | __main__:process_message:89 - Processed JSON message: {'message': 'JSON makes life easier.', 'author': 'Eve'}
2025-01-28 19:15:12.060 | INFO     | __main__:process_message:95 - Message received from author: Eve
2025-01-28 19:15:12.060 | INFO     | __main__:process_message:101 - Updated author counts: {'Eve': 3, 'Alice': 3, 'Charlie': 1, 'Diana': 2}
2025-01-28 19:15:13.057 | INFO     | __main__:main:170 - Sent message to topic 'buzzline_json': {'message': 'JSON makes life easier.', 'author': 'Alice'}
2025-01-28 19:15:13.061 | INFO     | __main__:process_message:89 - Processed JSON message: {'message': 'JSON makes life easier.', 'author': 'Alice'}
2025-01-28 19:15:13.062 | INFO     | __main__:process_message:95 - Message received from author: Alice
2025-01-28 19:15:13.062 | INFO     | __main__:process_message:101 - Updated author counts: {'Eve': 3, 'Alice': 4, 'Charlie': 1, 'Diana': 2}
2025-01-28 19:15:14.059 | INFO     | __main__:main:170 - Sent message to topic 'buzzline_json': {'message': 'Data engineering is my passion.', 'author': 'Diana'}
2025-01-28 19:15:14.061 | INFO     | __main__:process_message:89 - Processed JSON message: {'message': 'Data engineering is my passion.', 'author': 'Diana'}
2025-01-28 19:15:14.061 | INFO     | __main__:process_message:95 - Message received from author: Diana
2025-01-28 19:15:14.062 | INFO     | __main__:process_message:101 - Updated author counts: {'Eve': 3, 'Alice': 4, 'Charlie': 1, 'Diana': 3}
2025-01-28 19:15:15.060 | INFO     | __main__:main:170 - Sent message to topic 'buzzline_json': {'message': 'JSON makes life easier.', 'author': 'Diana'}
2025-01-28 19:15:15.063 | INFO     | __main__:process_message:89 - Processed JSON message: {'message': 'JSON makes life easier.', 'author': 'Diana'}
2025-01-28 19:15:15.063 | INFO     | __main__:process_message:95 - Message received from author: Diana
2025-01-28 19:15:15.063 | INFO     | __main__:process_message:101 - Updated author counts: {'Eve': 3, 'Alice': 4, 'Charlie': 1, 'Diana': 4}
2025-01-28 19:15:16.062 | INFO     | __main__:main:170 - Sent message to topic 'buzzline_json': {'message': 'Kafka is awesome.', 'author': 'Charlie'}
2025-01-28 19:15:16.067 | INFO     | __main__:process_message:89 - Processed JSON message: {'message': 'Kafka is awesome.', 'author': 'Charlie'}
2025-01-28 19:15:16.067 | INFO     | __main__:process_message:95 - Message received from author: Charlie
2025-01-28 19:15:16.067 | INFO     | __main__:process_message:101 - Updated author counts: {'Eve': 3, 'Alice': 4, 'Charlie': 2, 'Diana': 4}
2025-01-28 19:15:17.064 | INFO     | __main__:main:170 - Sent message to topic 'buzzline_json': {'message': 'JSON makes life easier.', 'author': 'Bob'}
2025-01-28 19:15:17.066 | INFO     | __main__:process_message:89 - Processed JSON message: {'message': 'JSON makes life easier.', 'author': 'Bob'}
2025-01-28 19:15:17.067 | INFO     | __main__:process_message:95 - Message received from author: Bob
2025-01-28 19:15:17.067 | INFO     | __main__:process_message:101 - Updated author counts: {'Eve': 3, 'Alice': 4, 'Charlie': 2, 'Diana': 4, 'Bob': 1}
2025-01-28 19:15:18.065 | INFO     | __main__:main:170 - Sent message to topic 'buzzline_json': {'message': 'I love Python!', 'author': 'Bob'}
2025-01-28 19:15:18.067 | INFO     | __main__:process_message:89 - Processed JSON message: {'message': 'I love Python!', 'author': 'Bob'}
2025-01-28 19:15:18.067 | INFO     | __main__:process_message:95 - Message received from author: Bob
2025-01-28 19:15:18.067 | INFO     | __main__:process_message:101 - Updated author counts: {'Eve': 3, 'Alice': 4, 'Charlie': 2, 'Diana': 4, 'Bob': 2}
2025-01-28 19:15:19.068 | INFO     | __main__:main:170 - Sent message to topic 'buzzline_json': {'message': 'This is a buzz message.', 'author': 'Eve'}
2025-01-28 19:15:19.071 | INFO     | __main__:process_message:89 - Processed JSON message: {'message': 'This is a buzz message.', 'author': 'Eve'}
2025-01-28 19:15:19.071 | INFO     | __main__:process_message:95 - Message received from author: Eve
2025-01-28 19:15:19.072 | INFO     | __main__:process_message:101 - Updated author counts: {'Eve': 4, 'Alice': 4, 'Charlie': 2, 'Diana': 4, 'Bob': 2}
2025-01-28 19:15:20.069 | INFO     | __main__:main:170 - Sent message to topic 'buzzline_json': {'message': 'I love Python!', 'author': 'Eve'}
2025-01-28 19:15:20.072 | INFO     | __main__:process_message:89 - Processed JSON message: {'message': 'I love Python!', 'author': 'Eve'}
2025-01-28 19:15:20.072 | INFO     | __main__:process_message:95 - Message received from author: Eve
2025-01-28 19:15:20.072 | INFO     | __main__:process_message:101 - Updated author counts: {'Eve': 5, 'Alice': 4, 'Charlie': 2, 'Diana': 4, 'Bob': 2}
2025-01-28 19:15:21.071 | INFO     | __main__:main:170 - Sent message to topic 'buzzline_json': {'message': 'Buzz messages for everyone.', 'author': 'Alice'}
2025-01-28 19:15:21.077 | INFO     | __main__:process_message:89 - Processed JSON message: {'message': 'Buzz messages for everyone.', 'author': 'Alice'}
2025-01-28 19:15:21.078 | INFO     | __main__:process_message:95 - Message received from author: Alice
2025-01-28 19:15:21.078 | INFO     | __main__:process_message:101 - Updated author counts: {'Eve': 5, 'Alice': 5, 'Charlie': 2, 'Diana': 4, 'Bob': 2}
2025-01-28 19:15:22.074 | INFO     | __main__:main:170 - Sent message to topic 'buzzline_json': {'message': 'This is a buzz message.', 'author': 'Alice'}
2025-01-28 19:15:22.078 | INFO     | __main__:process_message:89 - Processed JSON message: {'message': 'This is a buzz message.', 'author': 'Alice'}
2025-01-28 19:15:22.078 | INFO     | __main__:process_message:95 - Message received from author: Alice
2025-01-28 19:15:22.078 | INFO     | __main__:process_message:101 - Updated author counts: {'Eve': 5, 'Alice': 6, 'Charlie': 2, 'Diana': 4, 'Bob': 2}
2025-01-28 19:15:23.076 | INFO     | __main__:main:170 - Sent message to topic 'buzzline_json': {'message': 'Data engineering is my passion.', 'author': 'Diana'}
2025-01-28 19:15:23.078 | INFO     | __main__:process_message:89 - Processed JSON message: {'message': 'Data engineering is my passion.', 'author': 'Diana'}
2025-01-28 19:15:23.078 | INFO     | __main__:process_message:95 - Message received from author: Diana
2025-01-28 19:15:23.079 | INFO     | __main__:process_message:101 - Updated author counts: {'Eve': 5, 'Alice': 6, 'Charlie': 2, 'Diana': 5, 'Bob': 2}
2025-01-28 19:15:24.078 | INFO     | __main__:main:170 - Sent message to topic 'buzzline_json': {'message': 'I love Python!', 'author': 'Eve'}
2025-01-28 19:15:24.083 | INFO     | __main__:process_message:89 - Processed JSON message: {'message': 'I love Python!', 'author': 'Eve'}
2025-01-28 19:15:24.083 | INFO     | __main__:process_message:95 - Message received from author: Eve
2025-01-28 19:15:24.083 | INFO     | __main__:process_message:101 - Updated author counts: {'Eve': 6, 'Alice': 6, 'Charlie': 2, 'Diana': 5, 'Bob': 2}
2025-01-28 19:15:24.336 | WARNING  | __main__:main:173 - Producer interrupted by user.
2025-01-28 19:15:24.337 | INFO     | __main__:main:178 - Kafka producer closed.
2025-01-28 19:15:24.337 | INFO     | __main__:main:180 - END producer.
2025-01-28 19:15:25.476 | WARNING  | __main__:main:142 - Consumer interrupted by user.
2025-01-28 19:15:25.481 | INFO     | __main__:main:147 - Kafka consumer for topic 'buzzline_json' closed.
2025-01-28 19:15:25.481 | INFO     | __main__:main:149 - END consumer for topic 'buzzline_json' and group 'buzz_group'.
2025-01-28 19:16:19.854 | INFO     | utils.utils_logger:<module>:38 - Logging to file: logs\project_log.log
2025-01-28 19:16:19.855 | INFO     | __main__:<module>:66 - Project root: C:\Users\clayt\Documents\buzzline-03-seabaugh
2025-01-28 19:16:19.856 | INFO     | __main__:<module>:70 - Data folder: C:\Users\clayt\Documents\buzzline-03-seabaugh\data
2025-01-28 19:16:19.856 | INFO     | __main__:<module>:74 - Data file: C:\Users\clayt\Documents\buzzline-03-seabaugh\data\smoker_temps.csv
2025-01-28 19:16:19.856 | INFO     | __main__:main:134 - START producer.
2025-01-28 19:16:19.856 | INFO     | utils.utils_producer:get_zookeeper_address:57 - Zookeeper address: localhost:2181
2025-01-28 19:16:19.859 | INFO     | utils.utils_producer:check_zookeeper_service_is_ready:79 - Zookeeper is ready at localhost:2181.
2025-01-28 19:16:19.859 | INFO     | utils.utils_producer:get_kafka_broker_address:50 - Kafka broker address: localhost:9092
2025-01-28 19:16:20.191 | INFO     | utils.utils_producer:check_kafka_service_is_ready:98 - Kafka is ready. Brokers: {'throttle_time_ms': 0, 'brokers': [{'node_id': 1001, 'host': 'localhost', 'port': 9092, 'rack': None}], 'cluster_id': 'ISSJSQ4FSdmgTM-P2mopQw', 'controller_id': 1001}
2025-01-28 19:16:20.191 | INFO     | __main__:get_kafka_topic:48 - Kafka topic: smoker_csv
2025-01-28 19:16:20.192 | INFO     | __main__:get_message_interval:55 - Message interval: 5 seconds
2025-01-28 19:16:20.192 | INFO     | utils.utils_producer:get_kafka_broker_address:50 - Kafka broker address: localhost:9092
2025-01-28 19:16:20.193 | INFO     | utils.utils_producer:create_kafka_producer:146 - Connecting to Kafka broker at localhost:9092...
2025-01-28 19:16:20.304 | INFO     | utils.utils_producer:create_kafka_producer:151 - Kafka producer successfully created.
2025-01-28 19:16:20.304 | INFO     | utils.utils_producer:get_kafka_broker_address:50 - Kafka broker address: localhost:9092
2025-01-28 19:16:20.631 | INFO     | utils.utils_producer:create_kafka_topic:176 - Creating 'smoker_csv'.
2025-01-28 19:16:20.677 | INFO     | utils.utils_producer:create_kafka_topic:181 - Topic 'smoker_csv' created successfully.
2025-01-28 19:16:20.678 | INFO     | __main__:main:157 - Kafka topic 'smoker_csv' is ready.
2025-01-28 19:16:20.678 | INFO     | __main__:main:163 - Starting message production to topic 'smoker_csv'...
2025-01-28 19:16:20.678 | INFO     | __main__:generate_messages:93 - Opening data file in read mode: C:\Users\clayt\Documents\buzzline-03-seabaugh\data\smoker_temps.csv
2025-01-28 19:16:20.683 | INFO     | __main__:generate_messages:95 - Reading data from file: C:\Users\clayt\Documents\buzzline-03-seabaugh\data\smoker_temps.csv
2025-01-28 19:16:20.741 | INFO     | __main__:main:167 - Sent message to topic 'smoker_csv': {'timestamp': '2025-01-29T01:16:20.684147', 'temperature': 70.4}
2025-01-28 19:16:25.744 | INFO     | __main__:main:167 - Sent message to topic 'smoker_csv': {'timestamp': '2025-01-29T01:16:25.742458', 'temperature': 70.8}
2025-01-28 19:16:30.747 | INFO     | __main__:main:167 - Sent message to topic 'smoker_csv': {'timestamp': '2025-01-29T01:16:30.747717', 'temperature': 71.2}
2025-01-28 19:16:35.751 | INFO     | __main__:main:167 - Sent message to topic 'smoker_csv': {'timestamp': '2025-01-29T01:16:35.749813', 'temperature': 71.6}
2025-01-28 19:16:40.754 | INFO     | __main__:main:167 - Sent message to topic 'smoker_csv': {'timestamp': '2025-01-29T01:16:40.753775', 'temperature': 72.0}
2025-01-28 19:16:41.438 | INFO     | utils.utils_logger:<module>:38 - Logging to file: logs\project_log.log
2025-01-28 19:16:41.440 | INFO     | __main__:main:162 - START consumer.
2025-01-28 19:16:41.440 | INFO     | __main__:get_kafka_topic:46 - Kafka topic: smoker_csv
2025-01-28 19:16:41.441 | INFO     | __main__:get_kafka_consumer_group_id:53 - Kafka consumer group id: smoker_group
2025-01-28 19:16:41.441 | INFO     | __main__:get_rolling_window_size:67 - Rolling window size: 10
2025-01-28 19:16:41.441 | INFO     | __main__:main:168 - Consumer: Topic 'smoker_csv' and group 'smoker_group'...
2025-01-28 19:16:41.441 | INFO     | __main__:main:169 - Rolling window size: 10
2025-01-28 19:16:41.441 | INFO     | utils.utils_producer:get_kafka_broker_address:50 - Kafka broker address: localhost:9092
2025-01-28 19:16:41.441 | INFO     | utils.utils_consumer:create_kafka_consumer:44 - Creating Kafka consumer. Topic='smoker_csv' and group ID='smoker_group'.
2025-01-28 19:16:41.549 | INFO     | utils.utils_consumer:create_kafka_consumer:59 - Kafka consumer created successfully.
2025-01-28 19:16:41.549 | INFO     | __main__:main:177 - Polling messages from topic 'smoker_csv'...
2025-01-28 19:16:41.871 | INFO     | __main__:process_message:127 - Processed JSON message: {'timestamp': '2025-01-29T01:16:20.684147', 'temperature': 70.4}
2025-01-28 19:16:41.872 | INFO     | __main__:get_rolling_window_size:67 - Rolling window size: 10
2025-01-28 19:16:41.874 | INFO     | __main__:process_message:127 - Processed JSON message: {'timestamp': '2025-01-29T01:16:25.742458', 'temperature': 70.8}
2025-01-28 19:16:41.874 | INFO     | __main__:get_rolling_window_size:67 - Rolling window size: 10
2025-01-28 19:16:41.875 | INFO     | __main__:process_message:127 - Processed JSON message: {'timestamp': '2025-01-29T01:16:30.747717', 'temperature': 71.2}
2025-01-28 19:16:41.875 | INFO     | __main__:get_rolling_window_size:67 - Rolling window size: 10
2025-01-28 19:16:41.875 | INFO     | __main__:process_message:127 - Processed JSON message: {'timestamp': '2025-01-29T01:16:35.749813', 'temperature': 71.6}
2025-01-28 19:16:41.876 | INFO     | __main__:get_rolling_window_size:67 - Rolling window size: 10
2025-01-28 19:16:41.877 | INFO     | __main__:process_message:127 - Processed JSON message: {'timestamp': '2025-01-29T01:16:40.753775', 'temperature': 72.0}
2025-01-28 19:16:41.877 | INFO     | __main__:get_rolling_window_size:67 - Rolling window size: 10
2025-01-28 19:16:45.758 | INFO     | __main__:main:167 - Sent message to topic 'smoker_csv': {'timestamp': '2025-01-29T01:16:45.756829', 'temperature': 72.4}
2025-01-28 19:16:45.766 | INFO     | __main__:process_message:127 - Processed JSON message: {'timestamp': '2025-01-29T01:16:45.756829', 'temperature': 72.4}
2025-01-28 19:16:45.767 | INFO     | __main__:get_rolling_window_size:67 - Rolling window size: 10
2025-01-28 19:16:49.967 | WARNING  | __main__:main:170 - Producer interrupted by user.
2025-01-28 19:16:49.969 | INFO     | __main__:main:175 - Kafka producer closed.
2025-01-28 19:16:49.969 | INFO     | __main__:main:177 - END producer.
2025-01-28 19:16:51.101 | WARNING  | __main__:main:184 - Consumer interrupted by user.
2025-01-28 19:16:51.104 | INFO     | __main__:main:189 - Kafka consumer for topic 'smoker_csv' closed.
